{
  "RSpec": {
    "coverage": {
      "/home/confident-procedure-7882/tic-tac-toe-rb-online-web-sp-000/lib/tic_tac_toe.rb": [
        1,
        9,
        9,
        null,
        9,
        9,
        9,
        9,
        9,
        null,
        null,
        1,
        0,
        0,
        0,
        0,
        0,
        0,
        0,
        0,
        0,
        null,
        null,
        null,
        1,
        null,
        12,
        null,
        8,
        null,
        4,
        null,
        null,
        null,
        1,
        10,
        null,
        null,
        1,
        12,
        12,
        12,
        null,
        null,
        1,
        9,
        9,
        9,
        9,
        7,
        7,
        null,
        null,
        2,
        null,
        null,
        null,
        null,
        null,
        null,
        null,
        null,
        null,
        null,
        null,
        null,
        null,
        null,
        null,
        null,
        null,
        null,
        null,
        null,
        null,
        null,
        null,
        null,
        1,
        null,
        1,
        16,
        null,
        null,
        null,
        1,
        null,
        1,
        null,
        0,
        null,
        0,
        0,
        0,
        null,
        0,
        0,
        0,
        null,
        0,
        0,
        null,
        null,
        0,
        null,
        null,
        null,
        1,
        null,
        1,
        null,
        32,
        null,
        228,
        228,
        228,
        228,
        228,
        228,
        null,
        228,
        10,
        null,
        null,
        22,
        null,
        null,
        1,
        11,
        48,
        null,
        null,
        null,
        1,
        11,
        3,
        null,
        null,
        8,
        8,
        null,
        null,
        null,
        null,
        1,
        3,
        2,
        null,
        1,
        null,
        null,
        null,
        1,
        3,
        2,
        null,
        null,
        null,
        null,
        null,
        1,
        8,
        null,
        6,
        null,
        2,
        null,
        null,
        null,
        1,
        9,
        9,
        81,
        7,
        7,
        null,
        null,
        9,
        null,
        null,
        1,
        4,
        4,
        null,
        null,
        null,
        4,
        0,
        4,
        0,
        null,
        null,
        null
      ]
    },
    "timestamp": 1598983668
  }
}
